  [1m[36m (20.8ms)[0m  [1mCREATE TABLE "schema_migrations" ("version" character varying NOT NULL) [0m
  [1m[35m (4.5ms)[0m  CREATE UNIQUE INDEX  "unique_schema_migrations" ON "schema_migrations"  ("version")
  [1m[36mActiveRecord::SchemaMigration Load (0.8ms)[0m  [1mSELECT "schema_migrations".* FROM "schema_migrations"[0m
Migrating to CreatePlayers (20150219190917)
  [1m[35m (0.3ms)[0m  BEGIN
  [1m[36m (8.9ms)[0m  [1mCREATE TABLE "players" ("id" serial primary key, "name" character varying, "created_at" timestamp NOT NULL, "updated_at" timestamp NOT NULL) [0m
  [1m[35mSQL (0.5ms)[0m  INSERT INTO "schema_migrations" ("version") VALUES ($1)  [["version", "20150219190917"]]
  [1m[36m (0.8ms)[0m  [1mCOMMIT[0m
Migrating to CreateTeams (20150219191021)
  [1m[35m (0.5ms)[0m  BEGIN
  [1m[36m (4.6ms)[0m  [1mCREATE TABLE "teams" ("id" serial primary key, "name" character varying, "created_at" timestamp NOT NULL, "updated_at" timestamp NOT NULL) [0m
  [1m[35mSQL (0.7ms)[0m  INSERT INTO "schema_migrations" ("version") VALUES ($1)  [["version", "20150219191021"]]
  [1m[36m (1.0ms)[0m  [1mCOMMIT[0m
Migrating to CreateTeamPlayers (20150219191209)
  [1m[35m (0.5ms)[0m  BEGIN
  [1m[36m (3.4ms)[0m  [1mCREATE TABLE "team_players" ("id" serial primary key, "player_id" integer, "team_id" integer, "created_at" timestamp NOT NULL, "updated_at" timestamp NOT NULL) [0m
  [1m[35m (1.1ms)[0m  CREATE  INDEX  "index_team_players_on_player_id" ON "team_players"  ("player_id")
  [1m[36m (1.1ms)[0m  [1mCREATE  INDEX  "index_team_players_on_team_id" ON "team_players"  ("team_id")[0m
  [1m[35m (8.1ms)[0m  ALTER TABLE "team_players" ADD CONSTRAINT "fk_rails_e2364127ef"
FOREIGN KEY ("player_id")
  REFERENCES "players" ("id")

  [1m[36m (2.6ms)[0m  [1mALTER TABLE "team_players" ADD CONSTRAINT "fk_rails_23f1f11e66"
FOREIGN KEY ("team_id")
  REFERENCES "teams" ("id")
[0m
  [1m[35mSQL (0.3ms)[0m  INSERT INTO "schema_migrations" ("version") VALUES ($1)  [["version", "20150219191209"]]
  [1m[36m (0.7ms)[0m  [1mCOMMIT[0m
  [1m[35mActiveRecord::SchemaMigration Load (0.3ms)[0m  SELECT "schema_migrations".* FROM "schema_migrations"
  [1m[36m (6.8ms)[0m  [1mSELECT t2.oid::regclass::text AS to_table, a1.attname AS column, a2.attname AS primary_key, c.conname AS name, c.confupdtype AS on_update, c.confdeltype AS on_delete
FROM pg_constraint c
JOIN pg_class t1 ON c.conrelid = t1.oid
JOIN pg_class t2 ON c.confrelid = t2.oid
JOIN pg_attribute a1 ON a1.attnum = c.conkey[1] AND a1.attrelid = t1.oid
JOIN pg_attribute a2 ON a2.attnum = c.confkey[1] AND a2.attrelid = t2.oid
JOIN pg_namespace t3 ON c.connamespace = t3.oid
WHERE c.contype = 'f'
  AND t1.relname = 'players'
  AND t3.nspname = ANY (current_schemas(false))
ORDER BY c.conname
[0m
  [1m[35m (6.2ms)[0m  SELECT t2.oid::regclass::text AS to_table, a1.attname AS column, a2.attname AS primary_key, c.conname AS name, c.confupdtype AS on_update, c.confdeltype AS on_delete
FROM pg_constraint c
JOIN pg_class t1 ON c.conrelid = t1.oid
JOIN pg_class t2 ON c.confrelid = t2.oid
JOIN pg_attribute a1 ON a1.attnum = c.conkey[1] AND a1.attrelid = t1.oid
JOIN pg_attribute a2 ON a2.attnum = c.confkey[1] AND a2.attrelid = t2.oid
JOIN pg_namespace t3 ON c.connamespace = t3.oid
WHERE c.contype = 'f'
  AND t1.relname = 'team_players'
  AND t3.nspname = ANY (current_schemas(false))
ORDER BY c.conname

  [1m[36m (6.4ms)[0m  [1mSELECT t2.oid::regclass::text AS to_table, a1.attname AS column, a2.attname AS primary_key, c.conname AS name, c.confupdtype AS on_update, c.confdeltype AS on_delete
FROM pg_constraint c
JOIN pg_class t1 ON c.conrelid = t1.oid
JOIN pg_class t2 ON c.confrelid = t2.oid
JOIN pg_attribute a1 ON a1.attnum = c.conkey[1] AND a1.attrelid = t1.oid
JOIN pg_attribute a2 ON a2.attnum = c.confkey[1] AND a2.attrelid = t2.oid
JOIN pg_namespace t3 ON c.connamespace = t3.oid
WHERE c.contype = 'f'
  AND t1.relname = 'teams'
  AND t3.nspname = ANY (current_schemas(false))
ORDER BY c.conname
[0m
